<?xml version="1.0" encoding="UTF-8"?>
<!-- Generated by org.testng.reporters.JUnitXMLReporter -->
<testsuite hostname="adminstrator-Latitude-3450" ignored="2" name="Test" tests="1" failures="1" timestamp="13 Dec 2018 05:58:52 GMT" time="93.425" errors="0">
  <testcase name="EditSLA" time="86.803" classname="MyLearningTs.OdSLATC">
    <failure type="java.lang.AssertionError" message="!Oops Not able to click on service cloud expected [true] but found [false]">
      <![CDATA[java.lang.AssertionError: !Oops Not able to click on service cloud expected [true] but found [false]
at MyLearningTs.OnedirectLoginTc.VerifyServicecloudClickableFunctionality(OnedirectLoginTc.java:44)
at MyLearningTs.OnedirectLoginTc.VerifySettingFunctionality(OnedirectLoginTc.java:50)
at MyLearningTs.OdSLATC.EditSLA(OdSLATC.java:112)
... Removed 30 stack frames]]>
    </failure>
  </testcase> <!-- EditSLA -->
  <testcase name="DeleteSLA" time="0.0" classname="MyLearningTs.OdSLATC">
    <ignored/>
  </testcase> <!-- DeleteSLA -->
  <testcase name="ClickonSLAtab" time="0.0" classname="MyLearningTs.OdSLATC">
    <ignored/>
  </testcase> <!-- ClickonSLAtab -->
</testsuite> <!-- Test -->
