<?xml version="1.0" encoding="UTF-8"?>
<testng-results skipped="0" failed="0" ignored="0" total="1" passed="1">
  <reporter-output>
  </reporter-output>
  <suite name="Default suite" duration-ms="68355" started-at="2019-01-29T05:29:31Z" finished-at="2019-01-29T05:30:39Z">
    <groups>
    </groups>
    <test name="Default test" duration-ms="68355" started-at="2019-01-29T05:29:31Z" finished-at="2019-01-29T05:30:39Z">
      <class name="MyLearningTs.TicketingRuleTS">
        <test-method status="PASS" signature="beforeMethod()[pri:0, instance:MyLearningTs.TicketingRuleTS@6a41eaa2]" name="beforeMethod" is-config="true" duration-ms="6380" started-at="2019-01-29T05:29:31Z" finished-at="2019-01-29T05:29:37Z">
          <reporter-output>
          </reporter-output>
        </test-method> <!-- beforeMethod -->
        <test-method status="PASS" signature="TicketruleCreation()[pri:0, instance:MyLearningTs.TicketingRuleTS@6a41eaa2]" name="TicketruleCreation" duration-ms="61864" started-at="2019-01-29T05:29:37Z" finished-at="2019-01-29T05:30:39Z">
          <reporter-output>
          </reporter-output>
        </test-method> <!-- TicketruleCreation -->
        <test-method status="PASS" signature="afterMethod()[pri:0, instance:MyLearningTs.TicketingRuleTS@6a41eaa2]" name="afterMethod" is-config="true" duration-ms="79" started-at="2019-01-29T05:30:39Z" finished-at="2019-01-29T05:30:39Z">
          <reporter-output>
          </reporter-output>
        </test-method> <!-- afterMethod -->
      </class> <!-- MyLearningTs.TicketingRuleTS -->
    </test> <!-- Default test -->
  </suite> <!-- Default suite -->
</testng-results>
