<?xml version="1.0" encoding="UTF-8"?>
<testng-results skipped="0" failed="0" ignored="0" total="4" passed="4">
  <reporter-output>
  </reporter-output>
  <suite name="Default suite" duration-ms="4121" started-at="2019-01-19T05:49:04Z" finished-at="2019-01-19T05:49:08Z">
    <groups>
    </groups>
    <test name="Default test" duration-ms="4121" started-at="2019-01-19T05:49:04Z" finished-at="2019-01-19T05:49:08Z">
      <class name="Apiautomation.api.Agentstatus">
        <test-method status="PASS" signature="AgentstatusDelete()[pri:0, instance:Apiautomation.api.Agentstatus@5e3a8624]" name="AgentstatusDelete" duration-ms="2406" started-at="2019-01-19T05:49:04Z" finished-at="2019-01-19T05:49:06Z">
          <reporter-output>
          </reporter-output>
        </test-method> <!-- AgentstatusDelete -->
        <test-method status="PASS" signature="AgentstatusGet()[pri:0, instance:Apiautomation.api.Agentstatus@5e3a8624]" name="AgentstatusGet" duration-ms="857" started-at="2019-01-19T05:49:06Z" finished-at="2019-01-19T05:49:07Z">
          <reporter-output>
          </reporter-output>
        </test-method> <!-- AgentstatusGet -->
        <test-method status="PASS" signature="AgentstatusPost()[pri:0, instance:Apiautomation.api.Agentstatus@5e3a8624]" name="AgentstatusPost" duration-ms="702" started-at="2019-01-19T05:49:07Z" finished-at="2019-01-19T05:49:08Z">
          <reporter-output>
          </reporter-output>
        </test-method> <!-- AgentstatusPost -->
        <test-method status="PASS" signature="AgentstatusPut()[pri:0, instance:Apiautomation.api.Agentstatus@5e3a8624]" name="AgentstatusPut" duration-ms="109" started-at="2019-01-19T05:49:08Z" finished-at="2019-01-19T05:49:08Z">
          <reporter-output>
          </reporter-output>
        </test-method> <!-- AgentstatusPut -->
      </class> <!-- Apiautomation.api.Agentstatus -->
    </test> <!-- Default test -->
  </suite> <!-- Default suite -->
</testng-results>
